[debug] [2025-12-22T09:45:19.691Z] ----------------------------------------------------------------------
[debug] [2025-12-22T09:45:19.695Z] Command:       C:\Program Files\nodejs\node.exe C:\Users\user\AppData\Roaming\npm\node_modules\firebase-tools\lib\bin\firebase.js init
[debug] [2025-12-22T09:45:19.695Z] CLI Version:   15.1.0
[debug] [2025-12-22T09:45:19.695Z] Platform:      win32
[debug] [2025-12-22T09:45:19.695Z] Node Version:  v24.11.1
[debug] [2025-12-22T09:45:19.695Z] Time:          Mon Dec 22 2025 15:15:19 GMT+0530 (India Standard Time)
[debug] [2025-12-22T09:45:19.695Z] ----------------------------------------------------------------------
[debug] 
[info] 
     ######## #### ########  ######## ########     ###     ######  ########
     ##        ##  ##     ## ##       ##     ##  ##   ##  ##       ##
     ######    ##  ########  ######   ########  #########  ######  ######
     ##        ##  ##    ##  ##       ##     ## ##     ##       ## ##
     ##       #### ##     ## ######## ########  ##     ##  ######  ########

You're about to initialize a Firebase project in this directory:

  C:\Users\user\OneDrive\Desktop\CampusCare+\CampusCarePlus

[info] 
=== Project Setup
[info] 
[info] First, let's associate this project directory with a Firebase project.
[info] You can create multiple project aliases by running firebase use --add, 
[info] 
[debug] [2025-12-22T09:47:47.009Z] > command requires scopes: ["email","openid","https://www.googleapis.com/auth/cloudplatformprojects.readonly","https://www.googleapis.com/auth/firebase","https://www.googleapis.com/auth/cloud-platform"]
[debug] [2025-12-22T09:47:47.011Z] > authorizing via signed-in user (arpita.mayi@gmail.com)
[debug] [2025-12-22T09:47:47.018Z] Checked if tokens are valid: true, expires at: 1766400286290
[debug] [2025-12-22T09:47:47.019Z] Checked if tokens are valid: true, expires at: 1766400286290
[debug] [2025-12-22T09:47:47.023Z] >>> [apiv2][query] GET https://firebase.googleapis.com/v1beta1/availableProjects pageSize=100
[debug] [2025-12-22T09:47:48.607Z] <<< [apiv2][status] GET https://firebase.googleapis.com/v1beta1/availableProjects 200
[debug] [2025-12-22T09:47:48.607Z] <<< [apiv2][body] GET https://firebase.googleapis.com/v1beta1/availableProjects [omitted]
[debug] [2025-12-22T09:47:56.273Z] Checked if tokens are valid: true, expires at: 1766400286290
[debug] [2025-12-22T09:47:56.274Z] Checked if tokens are valid: true, expires at: 1766400286290
[debug] [2025-12-22T09:47:56.274Z] >>> [apiv2][query] POST https://firebase.googleapis.com/v1beta1/projects/principal-truck-449505-r2:addFirebase [none]
[debug] [2025-12-22T09:47:58.830Z] <<< [apiv2][status] POST https://firebase.googleapis.com/v1beta1/projects/principal-truck-449505-r2:addFirebase 200
[debug] [2025-12-22T09:47:58.831Z] <<< [apiv2][body] POST https://firebase.googleapis.com/v1beta1/projects/principal-truck-449505-r2:addFirebase {"name":"operations/workflows/MjZlOWVkZjYtMGU4MS00YmI4LWJkMDYtMDU5NWM0YTdiOTEz"}
[debug] [2025-12-22T09:47:58.836Z] Checked if tokens are valid: true, expires at: 1766400286290
[debug] [2025-12-22T09:47:58.837Z] Checked if tokens are valid: true, expires at: 1766400286290
[debug] [2025-12-22T09:47:58.838Z] >>> [apiv2][query] GET https://firebase.googleapis.com/v1beta1/operations/workflows/MjZlOWVkZjYtMGU4MS00YmI4LWJkMDYtMDU5NWM0YTdiOTEz [none]
[debug] [2025-12-22T09:48:03.031Z] <<< [apiv2][status] GET https://firebase.googleapis.com/v1beta1/operations/workflows/MjZlOWVkZjYtMGU4MS00YmI4LWJkMDYtMDU5NWM0YTdiOTEz 200
[debug] [2025-12-22T09:48:03.031Z] <<< [apiv2][body] GET https://firebase.googleapis.com/v1beta1/operations/workflows/MjZlOWVkZjYtMGU4MS00YmI4LWJkMDYtMDU5NWM0YTdiOTEz {"name":"operations/workflows/MjZlOWVkZjYtMGU4MS00YmI4LWJkMDYtMDU5NWM0YTdiOTEz"}
[debug] [2025-12-22T09:48:03.540Z] [Add Firebase Poller] Retrying task index 0
[debug] [2025-12-22T09:48:03.542Z] Checked if tokens are valid: true, expires at: 1766400286290
[debug] [2025-12-22T09:48:03.543Z] Checked if tokens are valid: true, expires at: 1766400286290
[debug] [2025-12-22T09:48:03.545Z] >>> [apiv2][query] GET https://firebase.googleapis.com/v1beta1/operations/workflows/MjZlOWVkZjYtMGU4MS00YmI4LWJkMDYtMDU5NWM0YTdiOTEz [none]
[debug] [2025-12-22T09:48:04.483Z] <<< [apiv2][status] GET https://firebase.googleapis.com/v1beta1/operations/workflows/MjZlOWVkZjYtMGU4MS00YmI4LWJkMDYtMDU5NWM0YTdiOTEz 200
[debug] [2025-12-22T09:48:04.483Z] <<< [apiv2][body] GET https://firebase.googleapis.com/v1beta1/operations/workflows/MjZlOWVkZjYtMGU4MS00YmI4LWJkMDYtMDU5NWM0YTdiOTEz {"name":"operations/workflows/MjZlOWVkZjYtMGU4MS00YmI4LWJkMDYtMDU5NWM0YTdiOTEz"}
[debug] [2025-12-22T09:48:05.485Z] [Add Firebase Poller] Retrying task index 0
[debug] [2025-12-22T09:48:05.487Z] Checked if tokens are valid: true, expires at: 1766400286290
[debug] [2025-12-22T09:48:05.487Z] Checked if tokens are valid: true, expires at: 1766400286290
[debug] [2025-12-22T09:48:05.487Z] >>> [apiv2][query] GET https://firebase.googleapis.com/v1beta1/operations/workflows/MjZlOWVkZjYtMGU4MS00YmI4LWJkMDYtMDU5NWM0YTdiOTEz [none]
[debug] [2025-12-22T09:48:06.750Z] <<< [apiv2][status] GET https://firebase.googleapis.com/v1beta1/operations/workflows/MjZlOWVkZjYtMGU4MS00YmI4LWJkMDYtMDU5NWM0YTdiOTEz 200
[debug] [2025-12-22T09:48:06.751Z] <<< [apiv2][body] GET https://firebase.googleapis.com/v1beta1/operations/workflows/MjZlOWVkZjYtMGU4MS00YmI4LWJkMDYtMDU5NWM0YTdiOTEz {"name":"operations/workflows/MjZlOWVkZjYtMGU4MS00YmI4LWJkMDYtMDU5NWM0YTdiOTEz"}
[debug] [2025-12-22T09:48:08.759Z] [Add Firebase Poller] Retrying task index 0
[debug] [2025-12-22T09:48:08.760Z] Checked if tokens are valid: true, expires at: 1766400286290
[debug] [2025-12-22T09:48:08.760Z] Checked if tokens are valid: true, expires at: 1766400286290
[debug] [2025-12-22T09:48:08.760Z] >>> [apiv2][query] GET https://firebase.googleapis.com/v1beta1/operations/workflows/MjZlOWVkZjYtMGU4MS00YmI4LWJkMDYtMDU5NWM0YTdiOTEz [none]
[debug] [2025-12-22T09:48:09.692Z] <<< [apiv2][status] GET https://firebase.googleapis.com/v1beta1/operations/workflows/MjZlOWVkZjYtMGU4MS00YmI4LWJkMDYtMDU5NWM0YTdiOTEz 200
[debug] [2025-12-22T09:48:09.692Z] <<< [apiv2][body] GET https://firebase.googleapis.com/v1beta1/operations/workflows/MjZlOWVkZjYtMGU4MS00YmI4LWJkMDYtMDU5NWM0YTdiOTEz {"name":"operations/workflows/MjZlOWVkZjYtMGU4MS00YmI4LWJkMDYtMDU5NWM0YTdiOTEz"}
[debug] [2025-12-22T09:48:13.701Z] [Add Firebase Poller] Retrying task index 0
[debug] [2025-12-22T09:48:13.703Z] Checked if tokens are valid: true, expires at: 1766400286290
[debug] [2025-12-22T09:48:13.703Z] Checked if tokens are valid: true, expires at: 1766400286290
[debug] [2025-12-22T09:48:13.703Z] >>> [apiv2][query] GET https://firebase.googleapis.com/v1beta1/operations/workflows/MjZlOWVkZjYtMGU4MS00YmI4LWJkMDYtMDU5NWM0YTdiOTEz [none]
[debug] [2025-12-22T09:48:14.690Z] <<< [apiv2][status] GET https://firebase.googleapis.com/v1beta1/operations/workflows/MjZlOWVkZjYtMGU4MS00YmI4LWJkMDYtMDU5NWM0YTdiOTEz 200
[debug] [2025-12-22T09:48:14.690Z] <<< [apiv2][body] GET https://firebase.googleapis.com/v1beta1/operations/workflows/MjZlOWVkZjYtMGU4MS00YmI4LWJkMDYtMDU5NWM0YTdiOTEz {"name":"operations/workflows/MjZlOWVkZjYtMGU4MS00YmI4LWJkMDYtMDU5NWM0YTdiOTEz","done":true,"response":{"@type":"type.googleapis.com/google.firebase.service.v1beta1.FirebaseProject","projectId":"principal-truck-449505-r2","projectNumber":"528115700921","displayName":"My First Project","name":"projects/principal-truck-449505-r2","resources":{"hostingSite":"principal-truck-449505-r2"}}}
[info] 
[info] === Your Firebase project is ready! ===
[info] 
[info] Project information:
[info]    - Project ID: principal-truck-449505-r2
[info]    - Project Name: My First Project
[info] 
[info] Firebase console is available at
[info] https://console.firebase.google.com/project/principal-truck-449505-r2/overview
[info] 
=== Firestore Setup
[info] i  firestore: ensuring required API firestore.googleapis.com is enabled... 
[debug] [2025-12-22T09:48:14.722Z] Checked if tokens are valid: true, expires at: 1766400286290
[debug] [2025-12-22T09:48:14.722Z] Checked if tokens are valid: true, expires at: 1766400286290
[debug] [2025-12-22T09:48:14.723Z] >>> [apiv2][query] GET https://serviceusage.googleapis.com/v1/projects/principal-truck-449505-r2/services/firestore.googleapis.com [none]
[debug] [2025-12-22T09:48:14.723Z] >>> [apiv2][(partial)header] GET https://serviceusage.googleapis.com/v1/projects/principal-truck-449505-r2/services/firestore.googleapis.com x-goog-quota-user=projects/principal-truck-449505-r2
[debug] [2025-12-22T09:48:16.749Z] <<< [apiv2][status] GET https://serviceusage.googleapis.com/v1/projects/principal-truck-449505-r2/services/firestore.googleapis.com 200
[debug] [2025-12-22T09:48:16.749Z] <<< [apiv2][body] GET https://serviceusage.googleapis.com/v1/projects/principal-truck-449505-r2/services/firestore.googleapis.com [omitted]
[warn] !  firestore: missing required API firestore.googleapis.com. Enabling now... 
[debug] [2025-12-22T09:48:16.751Z] Checked if tokens are valid: true, expires at: 1766400286290
[debug] [2025-12-22T09:48:16.752Z] Checked if tokens are valid: true, expires at: 1766400286290
[debug] [2025-12-22T09:48:16.752Z] >>> [apiv2][query] POST https://serviceusage.googleapis.com/v1/projects/principal-truck-449505-r2/services/firestore.googleapis.com:enable [none]
[debug] [2025-12-22T09:48:16.752Z] >>> [apiv2][(partial)header] POST https://serviceusage.googleapis.com/v1/projects/principal-truck-449505-r2/services/firestore.googleapis.com:enable x-goog-quota-user=projects/principal-truck-449505-r2
[debug] [2025-12-22T09:48:18.418Z] <<< [apiv2][status] POST https://serviceusage.googleapis.com/v1/projects/principal-truck-449505-r2/services/firestore.googleapis.com:enable 200
[debug] [2025-12-22T09:48:18.418Z] <<< [apiv2][body] POST https://serviceusage.googleapis.com/v1/projects/principal-truck-449505-r2/services/firestore.googleapis.com:enable [omitted]
[debug] [2025-12-22T09:48:28.470Z] Checked if tokens are valid: true, expires at: 1766400286290
[debug] [2025-12-22T09:48:28.470Z] Checked if tokens are valid: true, expires at: 1766400286290
[debug] [2025-12-22T09:48:28.471Z] >>> [apiv2][query] GET https://firestore.googleapis.com/v1/projects/principal-truck-449505-r2/databases [none]
[debug] [2025-12-22T09:48:29.770Z] <<< [apiv2][status] GET https://firestore.googleapis.com/v1/projects/principal-truck-449505-r2/databases 200
[debug] [2025-12-22T09:48:29.770Z] <<< [apiv2][body] GET https://firestore.googleapis.com/v1/projects/principal-truck-449505-r2/databases {}
[debug] [2025-12-22T09:48:29.771Z] Checked if tokens are valid: true, expires at: 1766400286290
[debug] [2025-12-22T09:48:29.771Z] Checked if tokens are valid: true, expires at: 1766400286290
[debug] [2025-12-22T09:48:29.771Z] >>> [apiv2][query] GET https://firestore.googleapis.com/v1/projects/principal-truck-449505-r2/locations [none]
[debug] [2025-12-22T09:48:30.123Z] <<< [apiv2][status] GET https://firestore.googleapis.com/v1/projects/principal-truck-449505-r2/locations 200
[debug] [2025-12-22T09:48:30.123Z] <<< [apiv2][body] GET https://firestore.googleapis.com/v1/projects/principal-truck-449505-r2/locations {"locations":[{"name":"projects/principal-truck-449505-r2/locations/eur3","labels":{"appengine.googleapis.com/geo":"europe-west","cloud.googleapis.com/location":"eur3","cloud.googleapis.com/geo":"eur3"},"metadata":{"@type":"type.googleapis.com/google.firestore.admin.v1.LocationMetadata"},"locationId":"eur3","displayName":"Europe"},{"name":"projects/principal-truck-449505-r2/locations/nam5","labels":{"appengine.googleapis.com/geo":"us-central","cloud.googleapis.com/location":"nam5","cloud.googleapis.com/geo":"nam5"},"metadata":{"@type":"type.googleapis.com/google.firestore.admin.v1.LocationMetadata"},"locationId":"nam5","displayName":"United States"},{"name":"projects/principal-truck-449505-r2/locations/nam7","labels":{"cloud.googleapis.com/location":"nam7","cloud.googleapis.com/geo":"nam7"},"metadata":{"@type":"type.googleapis.com/google.firestore.admin.v1.LocationMetadata"},"locationId":"nam7","displayName":"United States"},{"name":"projects/principal-truck-449505-r2/locations/africa-south1","labels":{"cloud.googleapis.com/location":"africa-south1","cloud.googleapis.com/region":"africa-south1"},"metadata":{"@type":"type.googleapis.com/google.firestore.admin.v1.LocationMetadata"},"locationId":"africa-south1","displayName":"Johannesburg"},{"name":"projects/principal-truck-449505-r2/locations/asia-east1","labels":{"appengine.googleapis.com/region":"asia-east1","cloud.googleapis.com/location":"asia-east1","cloud.googleapis.com/region":"asia-east1"},"metadata":{"@type":"type.googleapis.com/google.firestore.admin.v1.LocationMetadata"},"locationId":"asia-east1","displayName":"Taiwan"},{"name":"projects/principal-truck-449505-r2/locations/asia-east2","labels":{"appengine.googleapis.com/region":"asia-east2","cloud.googleapis.com/location":"asia-east2","cloud.googleapis.com/region":"asia-east2"},"metadata":{"@type":"type.googleapis.com/google.firestore.admin.v1.LocationMetadata"},"locationId":"asia-east2","displayName":"Hong Kong"},{"name":"projects/principal-truck-449505-r2/locations/asia-northeast1","labels":{"appengine.googleapis.com/region":"asia-northeast1","cloud.googleapis.com/location":"asia-northeast1","cloud.googleapis.com/region":"asia-northeast1"},"metadata":{"@type":"type.googleapis.com/google.firestore.admin.v1.LocationMetadata"},"locationId":"asia-northeast1","displayName":"Tokyo"},{"name":"projects/principal-truck-449505-r2/locations/asia-northeast2","labels":{"appengine.googleapis.com/region":"asia-northeast2","cloud.googleapis.com/location":"asia-northeast2","cloud.googleapis.com/region":"asia-northeast2"},"metadata":{"@type":"type.googleapis.com/google.firestore.admin.v1.LocationMetadata"},"locationId":"asia-northeast2","displayName":"Osaka"},{"name":"projects/principal-truck-449505-r2/locations/asia-northeast3","labels":{"appengine.googleapis.com/region":"asia-northeast3","cloud.googleapis.com/location":"asia-northeast3","cloud.googleapis.com/region":"asia-northeast3"},"metadata":{"@type":"type.googleapis.com/google.firestore.admin.v1.LocationMetadata"},"locationId":"asia-northeast3","displayName":"Seoul"},{"name":"projects/principal-truck-449505-r2/locations/asia-south1","labels":{"appengine.googleapis.com/region":"asia-south1","cloud.googleapis.com/location":"asia-south1","cloud.googleapis.com/region":"asia-south1"},"metadata":{"@type":"type.googleapis.com/google.firestore.admin.v1.LocationMetadata"},"locationId":"asia-south1","displayName":"Mumbai"},{"name":"projects/principal-truck-449505-r2/locations/asia-south2","labels":{"cloud.googleapis.com/location":"asia-south2","cloud.googleapis.com/region":"asia-south2"},"metadata":{"@type":"type.googleapis.com/google.firestore.admin.v1.LocationMetadata"},"locationId":"asia-south2","displayName":"Delhi"},{"name":"projects/principal-truck-449505-r2/locations/asia-southeast1","labels":{"appengine.googleapis.com/region":"asia-southeast1","cloud.googleapis.com/location":"asia-southeast1","cloud.googleapis.com/region":"asia-southeast1"},"metadata":{"@type":"type.googleapis.com/google.firestore.admin.v1.LocationMetadata"},"locationId":"asia-southeast1","displayName":"Singapore"},{"name":"projects/principal-truck-449505-r2/locations/asia-southeast2","labels":{"appengine.googleapis.com/region":"asia-southeast2","cloud.googleapis.com/location":"asia-southeast2","cloud.googleapis.com/region":"asia-southeast2"},"metadata":{"@type":"type.googleapis.com/google.firestore.admin.v1.LocationMetadata"},"locationId":"asia-southeast2","displayName":"Jakarta"},{"name":"projects/principal-truck-449505-r2/locations/australia-southeast1","labels":{"appengine.googleapis.com/region":"australia-southeast1","cloud.googleapis.com/location":"australia-southeast1","cloud.googleapis.com/region":"australia-southeast1"},"metadata":{"@type":"type.googleapis.com/google.firestore.admin.v1.LocationMetadata"},"locationId":"australia-southeast1","displayName":"Sydney"},{"name":"projects/principal-truck-449505-r2/locations/australia-southeast2","labels":{"cloud.googleapis.com/location":"australia-southeast2","cloud.googleapis.com/region":"australia-southeast2"},"metadata":{"@type":"type.googleapis.com/google.firestore.admin.v1.LocationMetadata"},"locationId":"australia-southeast2","displayName":"Melbourne"},{"name":"projects/principal-truck-449505-r2/locations/europe-central2","labels":{"appengine.googleapis.com/region":"europe-central2","cloud.googleapis.com/location":"europe-central2","cloud.googleapis.com/region":"europe-central2"},"metadata":{"@type":"type.googleapis.com/google.firestore.admin.v1.LocationMetadata"},"locationId":"europe-central2","displayName":"Warsaw"},{"name":"projects/principal-truck-449505-r2/locations/europe-north1","labels":{"cloud.googleapis.com/location":"europe-north1","cloud.googleapis.com/region":"europe-north1"},"metadata":{"@type":"type.googleapis.com/google.firestore.admin.v1.LocationMetadata"},"locationId":"europe-north1","displayName":"Finland"},{"name":"projects/principal-truck-449505-r2/locations/europe-north2","labels":{"cloud.googleapis.com/location":"europe-north2","cloud.googleapis.com/region":"europe-north2"},"metadata":{"@type":"type.googleapis.com/google.firestore.admin.v1.LocationMetadata"},"locationId":"europe-north2","displayName":"Stockholm"},{"name":"projects/principal-truck-449505-r2/locations/europe-southwest1","labels":{"cloud.googleapis.com/location":"europe-southwest1","cloud.googleapis.com/region":"europe-southwest1"},"metadata":{"@type":"type.googleapis.com/google.firestore.admin.v1.LocationMetadata"},"locationId":"europe-southwest1","displayName":"Madrid"},{"name":"projects/principal-truck-449505-r2/locations/europe-west1","labels":{"cloud.googleapis.com/location":"europe-west1","cloud.googleapis.com/region":"europe-west1"},"metadata":{"@type":"type.googleapis.com/google.firestore.admin.v1.LocationMetadata"},"locationId":"europe-west1","displayName":"Belgium"},{"name":"projects/principal-truck-449505-r2/locations/europe-west10","labels":{"cloud.googleapis.com/location":"europe-west10","cloud.googleapis.com/region":"europe-west10"},"metadata":{"@type":"type.googleapis.com/google.firestore.admin.v1.LocationMetadata"},"locationId":"europe-west10","displayName":"Berlin"},{"name":"projects/principal-truck-449505-r2/locations/europe-west12","labels":{"cloud.googleapis.com/location":"europe-west12","cloud.googleapis.com/region":"europe-west12"},"metadata":{"@type":"type.googleapis.com/google.firestore.admin.v1.LocationMetadata"},"locationId":"europe-west12","displayName":"Turin"},{"name":"projects/principal-truck-449505-r2/locations/europe-west2","labels":{"appengine.googleapis.com/region":"europe-west2","cloud.googleapis.com/location":"europe-west2","cloud.googleapis.com/region":"europe-west2"},"metadata":{"@type":"type.googleapis.com/google.firestore.admin.v1.LocationMetadata"},"locationId":"europe-west2","displayName":"London"},{"name":"projects/principal-truck-449505-r2/locations/europe-west3","labels":{"appengine.googleapis.com/region":"europe-west3","cloud.googleapis.com/location":"europe-west3","cloud.googleapis.com/region":"europe-west3"},"metadata":{"@type":"type.googleapis.com/google.firestore.admin.v1.LocationMetadata"},"locationId":"europe-west3","displayName":"Frankfurt"},{"name":"projects/principal-truck-449505-r2/locations/europe-west4","labels":{"cloud.googleapis.com/location":"europe-west4","cloud.googleapis.com/region":"europe-west4"},"metadata":{"@type":"type.googleapis.com/google.firestore.admin.v1.LocationMetadata"},"locationId":"europe-west4","displayName":"Netherlands"},{"name":"projects/principal-truck-449505-r2/locations/europe-west6","labels":{"appengine.googleapis.com/region":"europe-west6","cloud.googleapis.com/location":"europe-west6","cloud.googleapis.com/region":"europe-west6"},"metadata":{"@type":"type.googleapis.com/google.firestore.admin.v1.LocationMetadata"},"locationId":"europe-west6","displayName":"Zurich"},{"name":"projects/principal-truck-449505-r2/locations/europe-west8","labels":{"cloud.googleapis.com/location":"europe-west8","cloud.googleapis.com/region":"europe-west8"},"metadata":{"@type":"type.googleapis.com/google.firestore.admin.v1.LocationMetadata"},"locationId":"europe-west8","displayName":"Milan"},{"name":"projects/principal-truck-449505-r2/locations/europe-west9","labels":{"cloud.googleapis.com/location":"europe-west9","cloud.googleapis.com/region":"europe-west9"},"metadata":{"@type":"type.googleapis.com/google.firestore.admin.v1.LocationMetadata"},"locationId":"europe-west9","displayName":"Paris"},{"name":"projects/principal-truck-449505-r2/locations/me-central1","labels":{"cloud.googleapis.com/location":"me-central1","cloud.googleapis.com/region":"me-central1"},"metadata":{"@type":"type.googleapis.com/google.firestore.admin.v1.LocationMetadata"},"locationId":"me-central1","displayName":"Doha"},{"name":"projects/principal-truck-449505-r2/locations/me-central2","labels":{"cloud.googleapis.com/location":"me-central2","cloud.googleapis.com/region":"me-central2"},"metadata":{"@type":"type.googleapis.com/google.firestore.admin.v1.LocationMetadata"},"locationId":"me-central2","displayName":"Dammam"},{"name":"projects/principal-truck-449505-r2/locations/me-west1","labels":{"cloud.googleapis.com/location":"me-west1","cloud.googleapis.com/region":"me-west1"},"metadata":{"@type":"type.googleapis.com/google.firestore.admin.v1.LocationMetadata"},"locationId":"me-west1","displayName":"Tel Aviv"},{"name":"projects/principal-truck-449505-r2/locations/northamerica-northeast1","labels":{"appengine.googleapis.com/region":"northamerica-northeast1","cloud.googleapis.com/location":"northamerica-northeast1","cloud.googleapis.com/region":"northamerica-northeast1"},"metadata":{"@type":"type.googleapis.com/google.firestore.admin.v1.LocationMetadata"},"locationId":"northamerica-northeast1","displayName":"Montréal"},{"name":"projects/principal-truck-449505-r2/locations/northamerica-northeast2","labels":{"cloud.googleapis.com/location":"northamerica-northeast2","cloud.googleapis.com/region":"northamerica-northeast2"},"metadata":{"@type":"type.googleapis.com/google.firestore.admin.v1.LocationMetadata"},"locationId":"northamerica-northeast2","displayName":"Toronto"},{"name":"projects/principal-truck-449505-r2/locations/northamerica-south1","labels":{"cloud.googleapis.com/location":"northamerica-south1","cloud.googleapis.com/region":"northamerica-south1"},"metadata":{"@type":"type.googleapis.com/google.firestore.admin.v1.LocationMetadata"},"locationId":"northamerica-south1","displayName":"Mexico"},{"name":"projects/principal-truck-449505-r2/locations/southamerica-east1","labels":{"appengine.googleapis.com/region":"southamerica-east1","cloud.googleapis.com/location":"southamerica-east1","cloud.googleapis.com/region":"southamerica-east1"},"metadata":{"@type":"type.googleapis.com/google.firestore.admin.v1.LocationMetadata"},"locationId":"southamerica-east1","displayName":"São Paulo"},{"name":"projects/principal-truck-449505-r2/locations/southamerica-west1","labels":{"cloud.googleapis.com/location":"southamerica-west1","cloud.googleapis.com/region":"southamerica-west1"},"metadata":{"@type":"type.googleapis.com/google.firestore.admin.v1.LocationMetadata"},"locationId":"southamerica-west1","displayName":"Santiago"},{"name":"projects/principal-truck-449505-r2/locations/us-central1","labels":{"cloud.googleapis.com/location":"us-central1","cloud.googleapis.com/region":"us-central1"},"metadata":{"@type":"type.googleapis.com/google.firestore.admin.v1.LocationMetadata"},"locationId":"us-central1","displayName":"Iowa"},{"name":"projects/principal-truck-449505-r2/locations/us-east1","labels":{"appengine.googleapis.com/region":"us-east1","cloud.googleapis.com/location":"us-east1","cloud.googleapis.com/region":"us-east1"},"metadata":{"@type":"type.googleapis.com/google.firestore.admin.v1.LocationMetadata"},"locationId":"us-east1","displayName":"South Carolina"},{"name":"projects/principal-truck-449505-r2/locations/us-east4","labels":{"appengine.googleapis.com/region":"us-east4","cloud.googleapis.com/location":"us-east4","cloud.googleapis.com/region":"us-east4"},"metadata":{"@type":"type.googleapis.com/google.firestore.admin.v1.LocationMetadata"},"locationId":"us-east4","displayName":"Northern Virginia"},{"name":"projects/principal-truck-449505-r2/locations/us-east5","labels":{"cloud.googleapis.com/location":"us-east5","cloud.googleapis.com/region":"us-east5"},"metadata":{"@type":"type.googleapis.com/google.firestore.admin.v1.LocationMetadata"},"locationId":"us-east5","displayName":"Columbus"},{"name":"projects/principal-truck-449505-r2/locations/us-south1","labels":{"cloud.googleapis.com/location":"us-south1","cloud.googleapis.com/region":"us-south1"},"metadata":{"@type":"type.googleapis.com/google.firestore.admin.v1.LocationMetadata"},"locationId":"us-south1","displayName":"Dallas"},{"name":"projects/principal-truck-449505-r2/locations/us-west1","labels":{"appengine.googleapis.com/region":"us-west1","cloud.googleapis.com/location":"us-west1","cloud.googleapis.com/region":"us-west1"},"metadata":{"@type":"type.googleapis.com/google.firestore.admin.v1.LocationMetadata"},"locationId":"us-west1","displayName":"Oregon"},{"name":"projects/principal-truck-449505-r2/locations/us-west2","labels":{"appengine.googleapis.com/region":"us-west2","cloud.googleapis.com/location":"us-west2","cloud.googleapis.com/region":"us-west2"},"metadata":{"@type":"type.googleapis.com/google.firestore.admin.v1.LocationMetadata"},"locationId":"us-west2","displayName":"Los Angeles"},{"name":"projects/principal-truck-449505-r2/locations/us-west3","labels":{"appengine.googleapis.com/region":"us-west3","cloud.googleapis.com/location":"us-west3","cloud.googleapis.com/region":"us-west3"},"metadata":{"@type":"type.googleapis.com/google.firestore.admin.v1.LocationMetadata"},"locationId":"us-west3","displayName":"Salt Lake City"},{"name":"projects/principal-truck-449505-r2/locations/us-west4","labels":{"appengine.googleapis.com/region":"us-west4","cloud.googleapis.com/location":"us-west4","cloud.googleapis.com/region":"us-west4"},"metadata":{"@type":"type.googleapis.com/google.firestore.admin.v1.LocationMetadata"},"locationId":"us-west4","displayName":"Las Vegas"}]}
